<?xml version="1.0" encoding="UTF-8" ?>
<testsuite tests="10" failures="0" name="SightingsTest" time="1.318" errors="0" skipped="0">
  <properties>
    <property name="java.runtime.name" value="OpenJDK Runtime Environment"/>
    <property name="java.vm.version" value="11.0.9+11"/>
    <property name="sun.boot.library.path" value="/home/wecode/.sdkman/candidates/java/11.0.9.hs-adpt/lib"/>
    <property name="maven.multiModuleProjectDirectory" value="/home/wecode/IdeaProjects/Wildlife Tracker/Wildlife-Tracker"/>
    <property name="java.vm.vendor" value="AdoptOpenJDK"/>
    <property name="java.vendor.url" value="https://adoptopenjdk.net/"/>
    <property name="guice.disable.misplaced.annotation.check" value="true"/>
    <property name="path.separator" value=":"/>
    <property name="java.vm.name" value="OpenJDK 64-Bit Server VM"/>
    <property name="sun.os.patch.level" value="unknown"/>
    <property name="user.country" value="US"/>
    <property name="sun.java.launcher" value="SUN_STANDARD"/>
    <property name="java.vm.specification.name" value="Java Virtual Machine Specification"/>
    <property name="user.dir" value="/home/wecode/IdeaProjects/Wildlife Tracker/Wildlife-Tracker"/>
    <property name="java.vm.compressedOopsMode" value="32-bit"/>
    <property name="java.runtime.version" value="11.0.9+11"/>
    <property name="java.awt.graphicsenv" value="sun.awt.X11GraphicsEnvironment"/>
    <property name="os.arch" value="amd64"/>
    <property name="java.io.tmpdir" value="/tmp"/>
    <property name="line.separator" value="
"/>
    <property name="java.vm.specification.vendor" value="Oracle Corporation"/>
    <property name="os.name" value="Linux"/>
    <property name="classworlds.conf" value="/usr/share/maven/bin/m2.conf"/>
    <property name="sun.jnu.encoding" value="UTF-8"/>
    <property name="java.library.path" value="/usr/java/packages/lib:/usr/lib64:/lib64:/lib:/usr/lib"/>
    <property name="maven.conf" value="/usr/share/maven/conf"/>
    <property name="jdk.debug" value="release"/>
    <property name="java.class.version" value="55.0"/>
    <property name="java.specification.name" value="Java Platform API Specification"/>
    <property name="sun.management.compiler" value="HotSpot 64-Bit Tiered Compilers"/>
    <property name="os.version" value="5.4.0-53-generic"/>
    <property name="library.jansi.path" value="/usr/share/maven/lib/jansi-native"/>
    <property name="user.home" value="/home/wecode"/>
    <property name="user.timezone" value="Africa/Kigali"/>
    <property name="java.awt.printerjob" value="sun.print.PSPrinterJob"/>
    <property name="file.encoding" value="UTF-8"/>
    <property name="java.specification.version" value="11"/>
    <property name="user.name" value="wecode"/>
    <property name="java.class.path" value="/usr/share/maven/boot/plexus-classworlds-2.x.jar"/>
    <property name="java.vm.specification.version" value="11"/>
    <property name="sun.arch.data.model" value="64"/>
    <property name="sun.java.command" value="org.codehaus.plexus.classworlds.launcher.Launcher heroku:deploy"/>
    <property name="java.home" value="/home/wecode/.sdkman/candidates/java/11.0.9.hs-adpt"/>
    <property name="user.language" value="en"/>
    <property name="java.specification.vendor" value="Oracle Corporation"/>
    <property name="awt.toolkit" value="sun.awt.X11.XToolkit"/>
    <property name="java.vm.info" value="mixed mode"/>
    <property name="java.version" value="11.0.9"/>
    <property name="securerandom.source" value="file:/dev/./urandom"/>
    <property name="java.vendor" value="AdoptOpenJDK"/>
    <property name="maven.home" value="/usr/share/maven"/>
    <property name="file.separator" value="/"/>
    <property name="java.version.date" value="2020-10-20"/>
    <property name="java.vendor.url.bug" value="https://github.com/AdoptOpenJDK/openjdk-support/issues"/>
    <property name="sun.io.unicode.encoding" value="UnicodeLittle"/>
    <property name="sun.cpu.endian" value="little"/>
    <property name="java.vendor.version" value="AdoptOpenJDK"/>
    <property name="sun.desktop" value="gnome"/>
    <property name="sun.cpu.isalist" value=""/>
  </properties>
  <testcase classname="SightingsTest" name="Sightings_instantiatesWithLocationId_int" time="0.033"/>
  <testcase classname="SightingsTest" name="Sightings_instantiatesWithAnimalId_int" time="0.022"/>
  <testcase classname="SightingsTest" name="all_returnsAllInstancesOfSighting_true" time="0.347"/>
  <testcase classname="SightingsTest" name="Sightings_instantiatesWithRangerId_int" time="0.023"/>
  <testcase classname="SightingsTest" name="equals_returnsTrueIfIdsAreSame_true" time="0.021"/>
  <testcase classname="SightingsTest" name="find_returnsSightingsWithSameId_secondSighting" time="0.285"/>
  <testcase classname="SightingsTest" name="save_assignsIdToObject" time="0.191"/>
  <testcase classname="SightingsTest" name="deleteSightingByID" time="0.18"/>
  <testcase classname="SightingsTest" name="sightings_instantiatesCorrectly_true" time="0.018"/>
  <testcase classname="SightingsTest" name="save_insertsObjectIntoDatabase_Sightings" time="0.198"/>
</testsuite>